[    0.000000] Initializing cgroup subsys cpuset
[    0.000000] Initializing cgroup subsys cpu
[    0.000000] Initializing cgroup subsys cpuacct
[    0.000000] Linux version 4.4.0-165-generic (buildd@lgw01-amd64-027) (gcc version 5.4.0 20160609 (Ubuntu 5.4.0-6ubuntu1~16.04.10) ) #193-Ubuntu SMP Tue Sep 17 17:42:52 UTC 2019 (Ubuntu 4.4.0-165.193-generic 4.4.189)
[    0.000000] Command line: BOOT_IMAGE=/boot/vmlinuz-4.4.0-165-generic root=LABEL=cloudimg-rootfs ro console=tty1 console=ttyS0
[    0.000000] KERNEL supported cpus:
[    0.000000]   Intel GenuineIntel
[    0.000000]   AMD AuthenticAMD
[    0.000000]   Centaur CentaurHauls
[    0.000000] x86/fpu: xstate_offset[2]:  576, xstate_sizes[2]:  256
[    0.000000] x86/fpu: Supporting XSAVE feature 0x01: 'x87 floating point registers'
[    0.000000] x86/fpu: Supporting XSAVE feature 0x02: 'SSE registers'
[    0.000000] x86/fpu: Supporting XSAVE feature 0x04: 'AVX registers'
[    0.000000] x86/fpu: Enabled xstate features 0x7, context size is 832 bytes, using 'standard' format.
[    0.000000] e820: BIOS-provided physical RAM map:
[    0.000000] BIOS-e820: [mem 0x0000000000000000-0x000000000009fbff] usable
[    0.000000] BIOS-e820: [mem 0x000000000009fc00-0x000000000009ffff] reserved
[    0.000000] BIOS-e820: [mem 0x00000000000f0000-0x00000000000fffff] reserved
[    0.000000] BIOS-e820: [mem 0x0000000000100000-0x000000003ffeffff] usable
[    0.000000] BIOS-e820: [mem 0x000000003fff0000-0x000000003fffffff] ACPI data
[    0.000000] BIOS-e820: [mem 0x00000000fec00000-0x00000000fec00fff] reserved
[    0.000000] BIOS-e820: [mem 0x00000000fee00000-0x00000000fee00fff] reserved
[    0.000000] BIOS-e820: [mem 0x00000000fffc0000-0x00000000ffffffff] reserved
[    0.000000] NX (Execute Disable) protection: active
[    0.000000] SMBIOS 2.5 present.
[    0.000000] Hypervisor detected: KVM
[    0.000000] Kernel/User page tables isolation: disabled
[    0.000000] e820: last_pfn = 0x3fff0 max_arch_pfn = 0x400000000
[    0.000000] MTRR: Disabled
[    0.000000] x86/PAT: MTRRs disabled, skipping PAT initialization too.
[    0.000000] CPU MTRRs all blank - virtualized system.
[    0.000000] x86/PAT: Configuration [0-7]: WB  WT  UC- UC  WB  WT  UC- UC  
[    0.000000] found SMP MP-table at [mem 0x0009fff0-0x0009ffff] mapped at [ffff88000009fff0]
[    0.000000] Scanning 1 areas for low memory corruption
[    0.000000] RAMDISK: [mem 0x362fa000-0x37174fff]
[    0.000000] ACPI: Early table checksum verification disabled
[    0.000000] ACPI: RSDP 0x00000000000E0000 000024 (v02 VBOX  )
[    0.000000] ACPI: XSDT 0x000000003FFF0030 00003C (v01 VBOX   VBOXXSDT 00000001 ASL  00000061)
[    0.000000] ACPI: FACP 0x000000003FFF00F0 0000F4 (v04 VBOX   VBOXFACP 00000001 ASL  00000061)
[    0.000000] ACPI: DSDT 0x000000003FFF0470 0022EA (v02 VBOX   VBOXBIOS 00000002 INTL 20100528)
[    0.000000] ACPI: FACS 0x000000003FFF0200 000040
[    0.000000] ACPI: FACS 0x000000003FFF0200 000040
[    0.000000] ACPI: APIC 0x000000003FFF0240 00005C (v02 VBOX   VBOXAPIC 00000001 ASL  00000061)
[    0.000000] ACPI: SSDT 0x000000003FFF02A0 0001CC (v01 VBOX   VBOXCPUT 00000002 INTL 20100528)
[    0.000000] No NUMA configuration found
[    0.000000] Faking a node at [mem 0x0000000000000000-0x000000003ffeffff]
[    0.000000] NODE_DATA(0) allocated [mem 0x3ffeb000-0x3ffeffff]
[    0.000000] kvm-clock: Using msrs 4b564d01 and 4b564d00
[    0.000000] kvm-clock: cpu 0, msr 0:3ffe3001, primary cpu clock
[    0.000000] kvm-clock: using sched offset of 3335828671 cycles
[    0.000000] clocksource: kvm-clock: mask: 0xffffffffffffffff max_cycles: 0x1cd42e4dffb, max_idle_ns: 881590591483 ns
[    0.000000] Zone ranges:
[    0.000000]   DMA      [mem 0x0000000000001000-0x0000000000ffffff]
[    0.000000]   DMA32    [mem 0x0000000001000000-0x000000003ffeffff]
[    0.000000]   Normal   empty
[    0.000000]   Device   empty
[    0.000000] Movable zone start for each node
[    0.000000] Early memory node ranges
[    0.000000]   node   0: [mem 0x0000000000001000-0x000000000009efff]
[    0.000000]   node   0: [mem 0x0000000000100000-0x000000003ffeffff]
[    0.000000] Initmem setup node 0 [mem 0x0000000000001000-0x000000003ffeffff]
[    0.000000] ACPI: PM-Timer IO Port: 0x4008
[    0.000000] IOAPIC[0]: apic_id 2, version 32, address 0xfec00000, GSI 0-23
[    0.000000] ACPI: INT_SRC_OVR (bus 0 bus_irq 0 global_irq 2 dfl dfl)
[    0.000000] ACPI: INT_SRC_OVR (bus 0 bus_irq 9 global_irq 9 low level)
[    0.000000] Using ACPI (MADT) for SMP configuration information
[    0.000000] smpboot: Allowing 2 CPUs, 0 hotplug CPUs
[    0.000000] PM: Registered nosave memory: [mem 0x00000000-0x00000fff]
[    0.000000] PM: Registered nosave memory: [mem 0x0009f000-0x0009ffff]
[    0.000000] PM: Registered nosave memory: [mem 0x000a0000-0x000effff]
[    0.000000] PM: Registered nosave memory: [mem 0x000f0000-0x000fffff]
[    0.000000] e820: [mem 0x40000000-0xfebfffff] available for PCI devices
[    0.000000] Booting paravirtualized kernel on KVM
[    0.000000] clocksource: refined-jiffies: mask: 0xffffffff max_cycles: 0xffffffff, max_idle_ns: 7645519600211568 ns
[    0.000000] setup_percpu: NR_CPUS:512 nr_cpumask_bits:512 nr_cpu_ids:2 nr_node_ids:1
[    0.000000] PERCPU: Embedded 34 pages/cpu @ffff88003fc00000 s99544 r8192 d31528 u1048576
[    0.000000] Built 1 zonelists in Node order, mobility grouping on.  Total pages: 257912
[    0.000000] Policy zone: DMA32
[    0.000000] Kernel command line: BOOT_IMAGE=/boot/vmlinuz-4.4.0-165-generic root=LABEL=cloudimg-rootfs ro console=tty1 console=ttyS0
[    0.000000] PID hash table entries: 4096 (order: 3, 32768 bytes)
[    0.000000] Memory: 997732K/1048120K available (8621K kernel code, 1335K rwdata, 4032K rodata, 1484K init, 1284K bss, 50388K reserved, 0K cma-reserved)
[    0.000000] SLUB: HWalign=64, Order=0-3, MinObjects=0, CPUs=2, Nodes=1
[    0.000000] Hierarchical RCU implementation.
[    0.000000] 	Build-time adjustment of leaf fanout to 64.
[    0.000000] 	RCU restricting CPUs from NR_CPUS=512 to nr_cpu_ids=2.
[    0.000000] RCU: Adjusting geometry for rcu_fanout_leaf=64, nr_cpu_ids=2
[    0.000000] NR_IRQS:33024 nr_irqs:440 16
[    0.000000] Console: colour VGA+ 80x25
[    0.000000] console [tty1] enabled
[    0.000000] console [ttyS0] enabled
[    0.000000] tsc: Detected 1992.002 MHz processor
[    0.110328] Calibrating delay loop (skipped) preset value.. 3984.00 BogoMIPS (lpj=7968008)
[    0.111569] pid_max: default: 32768 minimum: 301
[    0.112309] ACPI: Core revision 20150930
[    0.113557] ACPI: 2 ACPI AML tables successfully acquired and loaded
[    0.114676] Security Framework initialized
[    0.115276] Yama: becoming mindful.
[    0.116136] AppArmor: AppArmor initialized
[    0.116792] Dentry cache hash table entries: 131072 (order: 8, 1048576 bytes)
[    0.117942] Inode-cache hash table entries: 65536 (order: 7, 524288 bytes)
[    0.120953] Mount-cache hash table entries: 2048 (order: 2, 16384 bytes)
[    0.121803] Mountpoint-cache hash table entries: 2048 (order: 2, 16384 bytes)
[    0.122948] Initializing cgroup subsys io
[    0.123560] Initializing cgroup subsys memory
[    0.124249] Initializing cgroup subsys devices
[    0.124928] Initializing cgroup subsys freezer
[    0.125559] Initializing cgroup subsys net_cls
[    0.126594] Initializing cgroup subsys perf_event
[    0.127342] Initializing cgroup subsys net_prio
[    0.127985] Initializing cgroup subsys hugetlb
[    0.128629] Initializing cgroup subsys pids
[    0.130317] mce: CPU supports 0 MCE banks
[    0.130966] Last level iTLB entries: 4KB 64, 2MB 8, 4MB 8
[    0.131691] Last level dTLB entries: 4KB 64, 2MB 0, 4MB 0, 1GB 4
[    0.132468] Spectre V1 : Mitigation: usercopy/swapgs barriers and __user pointer sanitization
[    0.133809] Spectre V2 : Mitigation: Enhanced IBRS
[    0.134469] Spectre V2 : Spectre v2 / SpectreRSB mitigation: Filling RSB on context switch
[    0.135766] Speculative Store Bypass: Vulnerable
[    0.138398] Freeing SMP alternatives memory: 36K
[    0.143508] ftrace: allocating 32318 entries in 127 pages
[    0.177893] smpboot: APIC(0) Converting physical 0 to logical package 0
[    0.178909] smpboot: Max logical packages: 1
[    0.179759] x2apic enabled
[    0.180373] Switched APIC routing to physical x2apic.
[    0.181951] ..TIMER: vector=0x30 apic1=0 pin1=2 apic2=-1 pin2=-1
[    0.290858] smpboot: CPU0: Intel(R) Core(TM) i7-8565U CPU @ 1.80GHz (family: 0x6, model: 0x8e, stepping: 0xc)
[    0.292403] Performance Events: unsupported p6 CPU model 142 no PMU driver, software events only.
[    0.300726] KVM setup paravirtual spinlock
[    0.301873] x86: Booting SMP configuration:
[    0.302618] .... node  #0, CPUs:      #1
[    0.303390] kvm-clock: cpu 1, msr 0:3ffe3041, secondary cpu clock
[    0.305163] mce: CPU supports 0 MCE banks
[    0.307668] x86: Booted up 1 node, 2 CPUs
[    0.308490] smpboot: Total of 2 processors activated (7968.00 BogoMIPS)
[    0.309605] devtmpfs: initialized
[    0.311817] evm: security.selinux
[    0.312383] evm: security.SMACK64
[    0.312899] evm: security.SMACK64EXEC
[    0.313509] evm: security.SMACK64TRANSMUTE
[    0.314105] evm: security.SMACK64MMAP
[    0.314856] evm: security.ima
[    0.315389] evm: security.capability
[    0.316106] clocksource: jiffies: mask: 0xffffffff max_cycles: 0xffffffff, max_idle_ns: 7645041785100000 ns
[    0.317490] futex hash table entries: 512 (order: 3, 32768 bytes)
[    0.318508] pinctrl core: initialized pinctrl subsystem
[    0.319346] RTC time: 15:16:00, date: 10/15/19
[    0.322477] NET: Registered protocol family 16
[    0.335925] cpuidle: using governor ladder
[    0.353571] cpuidle: using governor menu
[    0.355224] PCCT header not found.
[    0.356763] ACPI: bus type PCI registered
[    0.358319] acpiphp: ACPI Hot Plug PCI Controller Driver version: 0.5
[    0.360636] PCI: Using configuration type 1 for base access
[    0.379039] ACPI: Added _OSI(Module Device)
[    0.382583] ACPI: Added _OSI(Processor Device)
[    0.385641] ACPI: Added _OSI(3.0 _SCP Extensions)
[    0.387965] ACPI: Added _OSI(Processor Aggregator Device)
[    0.391720] ACPI: Executed 1 blocks of module-level executable AML code
[    0.397145] ACPI: Interpreter enabled
[    0.398322] ACPI: (supports S0 S5)
[    0.399513] ACPI: Using IOAPIC for interrupt routing
[    0.401088] PCI: Using host bridge windows from ACPI; if necessary, use "pci=nocrs" and report a bug
[    0.407010] ACPI: PCI Root Bridge [PCI0] (domain 0000 [bus 00-ff])
[    0.408264] acpi PNP0A03:00: _OSC: OS supports [ASPM ClockPM Segments MSI]
[    0.409895] acpi PNP0A03:00: _OSC: not requesting OS control; OS requires [ExtendedConfig ASPM ClockPM MSI]
[    0.411810] acpi PNP0A03:00: fail to add MMCONFIG information, can't access extended PCI configuration space under this bridge.
[    0.414099] PCI host bridge to bus 0000:00
[    0.414976] pci_bus 0000:00: root bus resource [io  0x0000-0x0cf7 window]
[    0.416012] pci_bus 0000:00: root bus resource [io  0x0d00-0xffff window]
[    0.417076] pci_bus 0000:00: root bus resource [mem 0x000a0000-0x000bffff window]
[    0.418328] pci_bus 0000:00: root bus resource [mem 0x40000000-0xfdffffff window]
[    0.419667] pci_bus 0000:00: root bus resource [bus 00-ff]
[    0.421782] pci 0000:00:01.1: legacy IDE quirk: reg 0x10: [io  0x01f0-0x01f7]
[    0.422744] pci 0000:00:01.1: legacy IDE quirk: reg 0x14: [io  0x03f6]
[    0.423871] pci 0000:00:01.1: legacy IDE quirk: reg 0x18: [io  0x0170-0x0177]
[    0.424922] pci 0000:00:01.1: legacy IDE quirk: reg 0x1c: [io  0x0376]
[    0.436083] pci 0000:00:07.0: quirk: [io  0x4000-0x403f] claimed by PIIX4 ACPI
[    0.443945] pci 0000:00:07.0: quirk: [io  0x4100-0x410f] claimed by PIIX4 SMB
[    0.451182] ACPI: PCI Interrupt Link [LNKA] (IRQs 5 9 10 *11)
[    0.452643] ACPI: PCI Interrupt Link [LNKB] (IRQs 5 9 *10 11)
[    0.453902] ACPI: PCI Interrupt Link [LNKC] (IRQs 5 *9 10 11)
[    0.455207] ACPI: PCI Interrupt Link [LNKD] (IRQs 5 9 10 *11)
[    0.456690] ACPI: Enabled 2 GPEs in block 00 to 07
[    0.457910] vgaarb: setting as boot device: PCI:0000:00:02.0
[    0.458776] vgaarb: device added: PCI:0000:00:02.0,decodes=io+mem,owns=io+mem,locks=none
[    0.459875] vgaarb: loaded
[    0.460381] vgaarb: bridge control possible 0000:00:02.0
[    0.461371] SCSI subsystem initialized
[    0.462098] ACPI: bus type USB registered
[    0.462834] usbcore: registered new interface driver usbfs
[    0.463800] usbcore: registered new interface driver hub
[    0.464561] usbcore: registered new device driver usb
[    0.465711] PCI: Using ACPI for IRQ routing
[    0.466663] NetLabel: Initializing
[    0.467197] NetLabel:  domain hash size = 128
[    0.467810] NetLabel:  protocols = UNLABELED CIPSOv4
[    0.468579] NetLabel:  unlabeled traffic allowed by default
[    0.469476] amd_nb: Cannot enumerate AMD northbridges
[    0.470618] clocksource: Switched to clocksource kvm-clock
[    0.479966] AppArmor: AppArmor Filesystem Enabled
[    0.480622] pnp: PnP ACPI init
[    0.481608] pnp: PnP ACPI: found 3 devices
[    0.490052] clocksource: acpi_pm: mask: 0xffffff max_cycles: 0xffffff, max_idle_ns: 2085701024 ns
[    0.491468] NET: Registered protocol family 2
[    0.492260] TCP established hash table entries: 8192 (order: 4, 65536 bytes)
[    0.493373] TCP bind hash table entries: 8192 (order: 5, 131072 bytes)
[    0.494374] TCP: Hash tables configured (established 8192 bind 8192)
[    0.495303] UDP hash table entries: 512 (order: 2, 16384 bytes)
[    0.496069] UDP-Lite hash table entries: 512 (order: 2, 16384 bytes)
[    0.496913] NET: Registered protocol family 1
[    0.497559] pci 0000:00:00.0: Limiting direct PCI/PCI transfers
[    0.498393] pci 0000:00:01.0: Activating ISA DMA hang workarounds
[    0.501623] Unpacking initramfs...
[    0.703273] Freeing initrd memory: 14828K
[    0.704072] clocksource: tsc: mask: 0xffffffffffffffff max_cycles: 0x396d566cf43, max_idle_ns: 881590760263 ns
[    0.705623] platform rtc_cmos: registered platform RTC device (no PNP device found)
[    0.706828] Scanning for low memory corruption every 60 seconds
[    0.708011] audit: initializing netlink subsys (disabled)
[    0.708759] audit: type=2000 audit(1571152565.931:1): initialized
[    0.709877] Initialise system trusted keyring
[    0.710714] HugeTLB registered 2 MB page size, pre-allocated 0 pages
[    0.712444] zbud: loaded
[    0.713106] VFS: Disk quotas dquot_6.6.0
[    0.713764] VFS: Dquot-cache hash table entries: 512 (order 0, 4096 bytes)
[    0.714761] squashfs: version 4.0 (2009/01/31) Phillip Lougher
[    0.715884] fuse init (API version 7.23)
[    0.716537] Key type big_key registered
[    0.717102] Allocating IMA MOK and blacklist keyrings.
[    0.722205] Key type asymmetric registered
[    0.722858] Asymmetric key parser 'x509' registered
[    0.723731] Block layer SCSI generic (bsg) driver version 0.4 loaded (major 249)
[    0.724986] io scheduler noop registered
[    0.725669] io scheduler deadline registered (default)
[    0.726510] io scheduler cfq registered
[    0.727304] pci_hotplug: PCI Hot Plug PCI Core version: 0.5
[    0.728132] pciehp: PCI Express Hot Plug Controller Driver version: 0.4
[    0.729184] ACPI: AC Adapter [AC] (on-line)
[    0.730089] input: Power Button as /devices/LNXSYSTM:00/LNXPWRBN:00/input/input0
[    0.731359] ACPI: Power Button [PWRF]
[    0.731992] input: Sleep Button as /devices/LNXSYSTM:00/LNXSLPBN:00/input/input1
[    0.733231] ACPI: Sleep Button [SLPF]
[    0.734037] GHES: HEST is not enabled!
[    0.735189] ACPI: Battery Slot [BAT0] (battery present)
[    0.736035] Serial: 8250/16550 driver, 32 ports, IRQ sharing enabled
[    0.757355] 00:02: ttyS0 at I/O 0x3f8 (irq = 4, base_baud = 115200) is a 16550A
[    0.763254] Linux agpgart interface v0.103
[    0.765231] loop: module loaded
[    0.766122] scsi host0: ata_piix
[    0.766744] scsi host1: ata_piix
[    0.767296] ata1: PATA max UDMA/33 cmd 0x1f0 ctl 0x3f6 bmdma 0xd000 irq 14
[    0.768205] ata2: PATA max UDMA/33 cmd 0x170 ctl 0x376 bmdma 0xd008 irq 15
[    0.769181] libphy: Fixed MDIO Bus: probed
[    0.769925] tun: Universal TUN/TAP device driver, 1.6
[    0.770586] tun: (C) 1999-2004 Max Krasnyansky <maxk@qualcomm.com>
[    0.771568] PPP generic driver version 2.4.2
[    0.772230] ehci_hcd: USB 2.0 'Enhanced' Host Controller (EHCI) Driver
[    0.773040] ehci-pci: EHCI PCI platform driver
[    0.773741] ehci-platform: EHCI generic platform driver
[    0.774431] ohci_hcd: USB 1.1 'Open' Host Controller (OHCI) Driver
[    0.775267] ohci-pci: OHCI PCI platform driver
[    0.775879] ohci-platform: OHCI generic platform driver
[    0.776562] uhci_hcd: USB Universal Host Controller Interface driver
[    0.777391] i8042: PNP: PS/2 Controller [PNP0303:PS2K,PNP0f03:PS2M] at 0x60,0x64 irq 1,12
[    0.778885] serio: i8042 KBD port at 0x60,0x64 irq 1
[    0.779543] serio: i8042 AUX port at 0x60,0x64 irq 12
[    0.780403] mousedev: PS/2 mouse device common for all mice
[    0.781509] input: AT Translated Set 2 keyboard as /devices/platform/i8042/serio0/input/input2
[    0.783088] rtc_cmos rtc_cmos: rtc core: registered rtc_cmos as rtc0
[    0.783883] rtc_cmos rtc_cmos: alarms up to one day, 114 bytes nvram
[    0.784655] i2c /dev entries driver
[    0.785206] device-mapper: uevent: version 1.0.3
[    0.785878] device-mapper: ioctl: 4.34.0-ioctl (2015-10-28) initialised: dm-devel@redhat.com
[    0.787007] ledtrig-cpu: registered to indicate activity on CPUs
[    0.788000] NET: Registered protocol family 10
[    0.788864] NET: Registered protocol family 17
[    0.789518] Key type dns_resolver registered
[    0.790452] registered taskstats version 1
[    0.791067] Loading compiled-in X.509 certificates
[    0.792114] Loaded X.509 cert 'Build time autogenerated kernel key: 0ed82eac04367aa6426493b1389455ebf6830eaa'
[    0.793356] zswap: loaded using pool lzo/zbud
[    0.795166] Key type trusted registered
[    0.797890] Key type encrypted registered
[    0.798476] AppArmor: AppArmor sha1 policy hashing enabled
[    0.799189] ima: No TPM chip found, activating TPM-bypass!
[    0.800041] ima: Allocated hash algorithm: sha1
[    0.800645] evm: HMAC attrs: 0x1
[    0.801397]   Magic number: 7:462:285
[    0.801956] rtc_cmos rtc_cmos: setting system clock to 2019-10-15 15:16:01 UTC (1571152561)
[    0.803121] BIOS EDD facility v0.16 2004-Jun-25, 0 devices found
[    0.803902] EDD information not available.
[    0.929544] Freeing unused kernel memory: 1484K
[    0.933039] Write protecting the kernel read-only data: 14336k
[    0.938872] Freeing unused kernel memory: 1608K
[    0.942980] Freeing unused kernel memory: 64K
Loading, please wait...
starting version 229
[    0.961656] random: systemd-udevd: uninitialized urandom read (16 bytes read, 1 bits of entropy available)
[    0.962153] random: udevadm: uninitialized urandom read (16 bytes read, 1 bits of entropy available)
[    0.962175] random: udevadm: uninitialized urandom read (16 bytes read, 1 bits of entropy available)
[    0.967844] random: systemd-udevd: uninitialized urandom read (16 bytes read, 1 bits of entropy available)
[    0.968379] random: udevadm: uninitialized urandom read (16 bytes read, 1 bits of entropy available)
[    0.968407] random: udevadm: uninitialized urandom read (16 bytes read, 1 bits of entropy available)
[    0.968494] random: udevadm: uninitialized urandom read (16 bytes read, 1 bits of entropy available)
[    0.968525] random: udevadm: uninitialized urandom read (16 bytes read, 1 bits of entropy available)
[    0.968555] random: udevadm: uninitialized urandom read (16 bytes read, 1 bits of entropy available)
[    0.968584] random: udevadm: uninitialized urandom read (16 bytes read, 1 bits of entropy available)
[    1.014131] e1000: Intel(R) PRO/1000 Network Driver - version 7.3.21-k8-NAPI
[    1.015470] e1000: Copyright (c) 1999-2006 Intel Corporation.
[    1.033185] Fusion MPT base driver 3.04.20
[    1.033878] Copyright (c) 1999-2008 LSI Corporation
[    1.039354] AVX2 version of gcm_enc/dec engaged.
[    1.040108] AES CTR mode by8 optimization enabled
[    1.047669] Fusion MPT SPI Host driver 3.04.20
[    1.240904] input: ImExPS/2 Generic Explorer Mouse as /devices/platform/i8042/serio1/input/input4
[    1.355979] e1000 0000:00:03.0 eth0: (PCI:33MHz:32-bit) 02:0e:9b:2d:5b:92
[    1.356888] e1000 0000:00:03.0 eth0: Intel(R) PRO/1000 Network Connection
[    1.358309] mptbase: ioc0: Initiating bringup
[    1.716789] ioc0: LSI53C1030 A0: Capabilities={Initiator}
[    2.573867] scsi host2: ioc0: LSI53C1030 A0, FwRev=00000000h, Ports=1, MaxQ=256, IRQ=20
[    3.047441] scsi 2:0:0:0: Direct-Access     VBOX     HARDDISK         1.0  PQ: 0 ANSI: 5
[    3.048866] scsi target2:0:0: Beginning Domain Validation
[    3.052579] scsi target2:0:0: Domain Validation skipping write tests
[    3.053429] scsi target2:0:0: Ending Domain Validation
[    3.054356] scsi target2:0:0: asynchronous
[    3.055930] scsi 2:0:1:0: Direct-Access     VBOX     HARDDISK         1.0  PQ: 0 ANSI: 5
[    3.057098] scsi target2:0:1: Beginning Domain Validation
[    3.060123] scsi target2:0:1: Domain Validation skipping write tests
[    3.060961] scsi target2:0:1: Ending Domain Validation
[    3.061788] scsi target2:0:1: asynchronous
[    3.066198] sd 2:0:0:0: Attached scsi generic sg0 type 0
[    3.066379] sd 2:0:0:0: [sda] 20971520 512-byte logical blocks: (10.7 GB/10.0 GiB)
[    3.066461] sd 2:0:0:0: [sda] Write Protect is off
[    3.066515] sd 2:0:0:0: [sda] Incomplete mode parameter data
[    3.066516] sd 2:0:0:0: [sda] Assuming drive cache: write through
[    3.078959] sd 2:0:1:0: Attached scsi generic sg1 type 0
[    3.079799] sd 2:0:1:0: [sdb] 20480 512-byte logical blocks: (10.5 MB/10.0 MiB)
[    3.080658]  sda: sda1
[    3.081773] sd 2:0:1:0: [sdb] Write Protect is off
[    3.082621] sd 2:0:1:0: [sdb] Incomplete mode parameter data
[    3.083431] sd 2:0:1:0: [sdb] Assuming drive cache: write through
[    3.085391] sd 2:0:0:0: [sda] Attached SCSI disk
[    3.086431] sd 2:0:1:0: [sdb] Attached SCSI disk
[    3.400684] e1000 0000:00:08.0 eth1: (PCI:33MHz:32-bit) 08:00:27:9f:38:36
[    3.401691] e1000 0000:00:08.0 eth1: Intel(R) PRO/1000 Network Connection
[    3.403349] e1000 0000:00:03.0 enp0s3: renamed from eth0
[    3.419257] e1000 0000:00:08.0 enp0s8: renamed from eth1
Begin: Loading essential drivers ... [    4.696461] md: linear personality registered for level -1
[    4.698873] md: multipath personality registered for level -4
[    4.701242] md: raid0 personality registered for level 0
[    4.704341] md: raid1 personality registered for level 1
[    4.775150] raid6: sse2x1   gen() 13186 MB/s
[    4.842978] raid6: sse2x1   xor()  8748 MB/s
[    4.910909] raid6: sse2x2   gen() 18451 MB/s
[    4.978694] raid6: sse2x2   xor() 12238 MB/s
[    5.047018] raid6: sse2x4   gen() 19613 MB/s
[    5.114868] raid6: sse2x4   xor() 12484 MB/s
[    5.182779] raid6: avx2x1   gen() 25973 MB/s
[    5.250989] raid6: avx2x2   gen() 30756 MB/s
[    5.318892] raid6: avx2x4   gen() 29964 MB/s
[    5.319565] raid6: using algorithm avx2x2 gen() 30756 MB/s
[    5.320321] raid6: using avx2x2 recovery algorithm
[    5.322114] xor: automatically using best checksumming function:
[    5.362787]    avx       : 29495.000 MB/sec
[    5.364443] async_tx: api initialized (async)
[    5.372964] md: raid6 personality registered for level 6
[    5.373880] md: raid5 personality registered for level 5
[    5.374605] md: raid4 personality registered for level 4
[    5.380131] md: raid10 personality registered for level 10
done.
Begin: Running /scripts/init-premount ... done.
Begin: Mounting root file system ... Begin: Running /scripts/local-top ... done.
Begin: Running /scripts/local-premount ... [    5.406057] Btrfs loaded
Scanning for Btrfs filesystems
done.
Warning: fsck not present, so skipping root file system
[    5.435325] EXT4-fs (sda1): mounted filesystem with ordered data mode. Opts: (null)
done.
Begin: Running /scripts/local-bottom ... done.
Begin: Running /scripts/init-bottom ... done.
[    5.520700] systemd[1]: systemd 229 running in system mode. (+PAM +AUDIT +SELINUX +IMA +APPARMOR +SMACK +SYSVINIT +UTMP +LIBCRYPTSETUP +GCRYPT +GNUTLS +ACL +XZ -LZ4 +SECCOMP +BLKID +ELFUTILS +KMOD -IDN)
[    5.523367] systemd[1]: Detected virtualization oracle.
[    5.524186] systemd[1]: Detected architecture x86-64.

Welcome to [1mUbuntu 16.04.6 LTS[0m!

[    5.535218] systemd[1]: Set hostname to <ubuntu>.
[    5.538460] systemd[1]: Initializing machine ID from random generator.
[    5.539441] systemd[1]: Installed transient /etc/machine-id file.
[    5.635351] systemd[1]: Listening on /dev/initctl Compatibility Named Pipe.
[[0;32m  OK  [0m] Listening on /dev/initctl Compatibility Named Pipe.
[    5.644099] systemd[1]: Reached target Encrypted Volumes.
[[0;32m  OK  [0m] Reached target Encrypted Volumes.
[    5.656025] systemd[1]: Started Trigger resolvconf update for networkd DNS.
[[0;32m  OK  [0m] Started Trigger resolvconf update for networkd DNS.
[    5.663571] systemd[1]: Created slice System Slice.
[[0;32m  OK  [0m] Created slice System Slice.
[    5.668567] systemd[1]: Reached target Swap.
[[0;32m  OK  [0m] Reached target Swap.
[    5.673274] systemd[1]: Reached target System Time Synchronized.
[[0;32m  OK  [0m] Reached target System Time Synchronized.
[    5.678345] systemd[1]: Set up automount Arbitrary Executable File Formats File System Automount Point.
[[0;32m  OK  [0m] Set up automount Arbitrary Executab...ats File System Automount Point.
[    5.691495] systemd[1]: Created slice system-serial\x2dgetty.slice.
[[0;32m  OK  [0m] Created slice system-serial\x2dgetty.slice.
[    5.699198] systemd[1]: Listening on Device-mapper event daemon FIFOs.
[[0;32m  OK  [0m] Listening on Device-mapper event daemon FIFOs.
[    5.703264] systemd[1]: Reached target User and Group Name Lookups.
[[0;32m  OK  [0m] Reached target User and Group Name Lookups.
[    5.706425] systemd[1]: Listening on udev Control Socket.
[[0;32m  OK  [0m] Listening on udev Control Socket.
[    5.715860] systemd[1]: Listening on LVM2 poll daemon socket.
[[0;32m  OK  [0m] Listening on LVM2 poll daemon socket.
[    5.718870] systemd[1]: Listening on Syslog Socket.
[[0;32m  OK  [0m] Listening on Syslog Socket.
[    5.721521] systemd[1]: Listening on LVM2 metadata daemon socket.
[[0;32m  OK  [0m] Listening on LVM2 metadata daemon socket.
[    5.724518] systemd[1]: Listening on Journal Socket (/dev/log).
[[0;32m  OK  [0m] Listening on Journal Socket (/dev/log).
[    5.727474] systemd[1]: Started Forward Password Requests to Wall Directory Watch.
[[0;32m  OK  [0m] Started Forward Password Requests to Wall Directory Watch.
[    5.731224] systemd[1]: Listening on Journal Audit Socket.
[[0;32m  OK  [0m] Listening on Journal Audit Socket.
[    5.739518] systemd[1]: Listening on Journal Socket.
[[0;32m  OK  [0m] Listening on Journal Socket.
[    5.754902] systemd[1]: Starting Journal Service...
         Starting Journal Service...
[    5.757590] systemd[1]: Starting Uncomplicated firewall...
         Starting Uncomplicated firewall...
[    5.760285] systemd[1]: Starting Remount Root and Kernel File Systems...
         Starting Remount Root and Kernel File Systems...
[    5.763123] systemd[1]: Starting Set console keymap...
         Starting Set console keymap...
[    5.765554] systemd[1]: Mounting Huge Pages File System...
         Mounting Huge Pages File System...
[    5.768882] systemd[1]: Mounting POSIX Message Queue File System...
[    5.770128] EXT4-fs (sda1): re-mounted. Opts: (null)
         Mounting POSIX Message Queue File System...
[    5.777172] systemd[1]: Starting Nameserver information manager...
         Starting Nameserver information manager...
[    5.779849] systemd[1]: Starting Create list of required static device nodes for the current kernel...
         Starting Create list of required st... nodes for the current kernel...
[    5.786294] systemd[1]: Mounting Debug File System...
         Mounting Debug File System...
[    5.795886] systemd[1]: Starting Monitoring of LVM2 mirrors, snapshots etc. using dmeventd or progress polling...
         Starting Monitoring of LVM2 mirrors... dmeventd or progress polling...
[    5.798920] systemd[1]: Created slice User and Session Slice.
[[0;32m  OK  [0m] Created slice User and Session Slice.
[    5.800742] systemd[1]: Reached target Slices.
[[0;32m  OK  [0m] Reached target Slices.
[    5.809667] systemd[1]: Starting Load Kernel Modules...
         Starting Load Kernel Modules...
[    5.811902] systemd[1]: Listening on udev Kernel Socket.
[[0;32m  OK  [0m] Listening on udev Kernel Socket.
[    5.816751] Loading iSCSI transport class v2.0-870.
[    5.820260] systemd[1]: Mounted POSIX Message Queue File System.
[[0;32m  OK  [0m] Mounted POSIX Message Queue File System.
[    5.821924] systemd[1]: Mounted Debug File System.
[[0;32m  OK  [0m] Mounted Debug File System.
[    5.823332] iscsi: registered transport (tcp)
[    5.823349] systemd[1]: Mounted Huge Pages File System.
[[0;32m  OK  [0m] Mounted Huge Pages File System.
[    5.831181] systemd[1]: Started Journal Service.
[[0;32m  OK  [0m] Started Journal Service.
[[0;32m  OK  [0m] Started Uncomplicated firewall.
[[    5.843437] iscsi: registered transport (iser)
[0;32m  OK  [0m] Started Remount Root and Kernel File Systems.
[[0;32m  OK  [0m] Started Set console keymap.
[[0;32m  OK  [0m] Started Create list of required sta...ce nodes for the current kernel.
[[0;32m  OK  [0m] Started Load Kernel Modules.
[[0;32m  OK  [0m] Started Nameserver information manager.
[[0;32m  OK  [0m] Started LVM2 metadata daemon.
         Mounting FUSE Control File System...
         Starting Apply Kernel Variables...
         Starting Create Static Device Nodes in /dev...
         Starting udev Coldplug all Devices...
         Starting Load/Save Random Seed...
         Starting Flush Journal to Persistent Storage...
[[0;32m  OK  [0m] Mounted FUSE Control File System.
[[0;32m  OK  [0m] Started Apply Kernel Variables.
[[0;32m  OK  [0m] Started Create Static Device Nodes in /dev.
[[0;32m  OK  [0m] Started Load/Save Random Seed.
[[0;32m  OK  [0m] Started Flush Journal to Persistent Storage.
[[0;32m  OK  [0m] Started udev Coldplug all Devices.
         Starting udev Kernel Device Manager...
[[0;32m  OK  [0m] Started udev Kernel Device Manager.
[[0;32m  OK  [0m] Started Dispatch Password Requests to Console Directory Watch.
[[0;32m  OK  [0m] Started Monitoring of LVM2 mirrors,...ng dmeventd or progress polling.
[[0;32m  OK  [0m] Reached target Local File Systems (Pre).
[[0;32m  OK  [0m] Reached target Local File Systems.
         Starting Initial cloud-init job (pre-networking)...
         Starting Tell Plymouth To Write Out Runtime Data...
         Starting Commit a transient machine-id on disk...
         Starting Set console font and keymap...
         Starting Create Volatile Files and Directories...
         Starting LSB: AppArmor initialization...
[[0;32m  OK  [0m] Started Tell Plymouth To Write Out Runtime Data.
[[0;32m  OK  [0m] Started Create Volatile Files and Directories.
[[0;32m  OK  [0m] Started Commit a transient machine-id on disk.
         Starting Update UTMP about System Boot/Shutdown...
[[0;32m  OK  [0m] Started Update UTMP about System Boot/Shutdown.
[[0;32m  OK  [0m] Found device /dev/ttyS0.
[[0;32m  OK  [0m] Listening on Load/Save RF Kill Switch Status /dev/rfkill Watch.
[[0;32m  OK  [0m] Started LSB: AppArmor initialization.
[    6.861886] cloud-init[484]: Cloud-init v. 19.2-36-g059d049c-0ubuntu1~16.04.1 running 'init-local' at Tue, 15 Oct 2019 15:16:07 +0000. Up 6.50 seconds.
[[0;32m  OK  [0m] Started Initial cloud-init job (pre-networking).
[[0;32m  OK  [0m] Reached target Network (Pre).
         Starting Raise network interfaces...
[[0;32m  OK  [0m] Started Set console font and keymap.
[[0;32m  OK  [0m] Created slice system-getty.slice.
[[0;32m  OK  [0m] Started Raise network interfaces.
         Starting Initial cloud-init job (metadata service crawler)...
[[0;32m  OK  [0m] Reached target Network.
[    7.725257] cloud-init[963]: Cloud-init v. 19.2-36-g059d049c-0ubuntu1~16.04.1 running 'init' at Tue, 15 Oct 2019 15:16:08 +0000. Up 7.40 seconds.
[    7.726292] cloud-init[963]: ci-info: ++++++++++++++++++++++++++++++++++++++Net device info++++++++++++++++++++++++++++++++++++++
[    7.732831] cloud-init[963]: ci-info: +--------+-------+---------------------------+---------------+--------+-------------------+
[    7.744574] cloud-init[963]: ci-info: | Device |   Up  |          Address          |      Mask     | Scope  |     Hw-Address    |
[    7.757062] cloud-init[963]: ci-info: +--------+-------+---------------------------+---------------+--------+-------------------+
[[    7.768968] [0;32m  OK  [0mcloud-init] [963]: Started Initial cloud-init job (metadata service crawler).ci-info: | enp0s3 |  True |         10.0.2.15         | 255.255.255.0 | global | 02:0e:9b:2d:5b:92 |

[    7.769069] cloud-init[963]: ci-info: | enp0s3 |  True | fe80::e:9bff:fe2d:5b92/64 |       .       |  link  | 02:0e:9b:2d:5b:92 |
[    7.777609] cloud-init[963]: ci-info: | enp0s8 | False |             .             |       .       |   .    | 08:00:27:9f:38:36 |
[    7.778667] cloud-init[963]: ci-info: |   lo   |  True |         127.0.0.1         |   255.0.0.0   |  host  |         .         |
[    7.779698] cloud-init[963]: ci-info: |   lo   |  True |          ::1/128          |       .       |  host  |         .         |
[    7.779850] cloud-init[963]: ci-info: +--------+-------+---------------------------+---------------+--------+-------------------+
[    7.779929] cloud-init[963]: [ci-info: +++++++++++++++++++++++++++Route IPv4 info++++++++++++++++++++++++++++[0;32m  OK  [0m
] Reached target System Initialization.
[    7.779976] cloud-init[963]: ci-info: +-------+-------------+----------+---------------+-----------+-------+
[    7.782970] cloud-init[963]: ci-info: | Route | Destination | Gateway  |    Genmask    | Interface | Flags |
[    7.783268] cloud-init[963]: ci-info: +-------+-------------+----------+---------------+-----------+-------+
[    7.783462] cloud-init[963]: ci-info: |   0   |   0.0.0.0   | 10.0.2.2 |    0.0.0.0    |   enp0s3  |   UG  |
[    7.783660] cloud-init[963]: ci-info: |   1   |   10.0.2.0  | 0.0.0.0  | 255.255.255.0 |   enp0s3  |   U   |
[    7.783858] cloud-init[963]: ci-info: +-------+-------------+----------+---------------+-----------+-------+
[    7.784298] cloud-init[963]: ci-info: +++++++++++++++++++Route IPv6 info+++++++++++++++++++
[    7.784488] cloud-init[963]: ci-info: +-------+-------------+---------+-----------+-------+
[    7.784687] cloud-init[963]: ci-info: | Route | Destination | Gateway | Interface | Flags |
[    7.785032] cloud-init[963]: ci-info: +-------+-------------+---------+-----------+-------+
[    7.785224] cloud-init[963]: ci-info: |   0   |  fe80::/64  |    ::   |   enp0s3  |   U   |
[    7.785428] cloud-init[963]: ci-info: |   3   |   ff00::/8  |    ::   |   enp0s3  |   U   |
[    7.785617] cloud-init[963]: ci-info: +-------+-------------+---------+-----------+-------+
[    7.785813] cloud-init[963]: Generating public/private rsa key pair.
[    7.786195] cloud-init[963]: Your identification has been saved in /etc/ssh/ssh_host_rsa_key.
[    7.786383] cloud-init[963]: Your public key has been saved in /etc/ssh/ssh_host_rsa_key.pub.
[    7.786579] cloud-init[963]: The key fingerprint is:
[    7.786775] cloud-init[963]: SHA256:eTyX7suSY0A2nFGkhT0EqZgkmaMRdVNDrH3j2ROucJU root@ubuntu-xenial
[    7.787123] cloud-init[963]: The key's randomart image is:
[    7.787318] cloud-init[963]: +---[RSA 2048]----+
[    7.787514] cloud-init[963]: |.o.oo++ .O=      |
[    7.787711] cloud-init[963]: |. =.....+oo      |
[    7.788154] cloud-init[963]: | o + = o.o o     |
[    7.788346] cloud-init[963]: |.   + o OoE  .   |
[    7.788544] cloud-init[963]: |       =SB+.o    |
[    7.788741] cloud-init[963]: |      . =.++     |
[    7.789079] cloud-init[963]: |       o o o.    |
[    7.789272] cloud-init[963]: |        . =o     |
[    7.789467] cloud-init[963]: |         . o+.   |
[    7.789663] cloud-init[963]: +----[SHA256]-----+
[    7.790014] cloud-init[963]: Generating public/private dsa key pair.
[    7.790208] cloud-init[963]: Your identification has been saved in /etc/ssh/ssh_host_dsa_key.
[    7.790404] cloud-init[963]: Your public key has been saved in /etc/ssh/ssh_host_dsa_key.pub.
[    7.790599] cloud-init[963]: The key fingerprint is:
[[0;32m  OK  [0m] Listening on D-Bus System Message Bus Socket.
[    7.790856] cloud-init[963]: SHA256:lipL0+G0z0ZYlZleX3Jb0nyvLO8v1Wx39Jrn1328cno root@ubuntu-xenial
[    7.801623] cloud-init[963]: The key's randomart image is:
[    7.802961] cloud-init[963]: +---[DSA 1024]----+
[    7.803095] cloud-init[963]: |           +   o |
[    7.803213] cloud-init[963]: |          = . o B|
[    7.803350] cloud-init[963]: |         o . . ==|
[    7.803452] cloud-init[963]: |        ...   ..o|
         Starting LXD - unix socket.
[    7.803576] cloud-init[963]: |      ooS    . +o|
[    7.813207] cloud-init[963]: |     +.=.   . o O|
[    7.813733] cloud-init[963]: |    + =.     o *=|
[    7.814222] cloud-init[963]: |   . + o.    .=EB|
[    7.814789] cloud-init[963]: |    .  .o    o***|
[    7.821004] cloud-init[963]: +----[SHA256]-----+
[    7.828197] cloud-init[963]: Generating public/private ecdsa key pair.
[    7.843760] cloud-init[963]: Your identification has been saved in /etc/ssh/ssh_host_ecdsa_key.
[    7.900045] cloud-init[963]: Your public key has been saved in /etc/ssh/ssh_host_ecdsa_key.pub.
[    7.901298] cloud-init[963]: The key fingerprint is:
[    7.908352] cloud-init[963]: SHA256:3F7d8TsX5M0RJMNlNwivF6zI/KOaprsqLR+o6dd7MbA root@ubuntu-xenial         
Starting Socket activation for snappy daemon.
[    7.910253] [[0;32m  OK  [0m] Started Daily Cleanup of Temporary Directories.
[[0;32m  OK  [0m] Listening on ACPID Listen Socket.
[[0;32m  OK  [0m] Started Daily apt download activities.
[[0;32m  OK  [0m] Listening on UUID daemon activation socket.
[[0;32m  OK  [0m] Started Daily apt upgrade and clean activities.
[[0;32m  OK  [0m] Reached target Timers.
cloud-init[963]: The key's randomart image is:
[    7.914490] cloud-init[963]: +---[ECDSA 256]---+
[    7.915506] cloud-init[963]: |           .oo+*.|
[    7.916487] cloud-init[963]: |            oo+ +|
[    7.928775] cloud-init[963]: |             + + |
[[0;32m  OK  [0m] Started ACPI Events Check.
[[0;32m  OK  [0m] Reached target Paths.
[[0;32m  OK  [0m] Reached target Cloud-config availability.
[[0;32m  OK  [0m] Reached target Network is Online.
[    7.932115] cloud-init[963]: |     . .o.. o.+o=|
[    7.952444] cloud-init[963]: |      o S+.o...o=|
[    7.953497] cloud-init[963]: |  .  E o ....   o|
[    7.960480] cloud-init[963]: | ....   o .o   o.|
[    7.960795] cloud-init[963]: |.+ o.. o. . .   o|
[    7.960940] cloud-init[963]: |+.=o.=Bo..       |
[    7.961168] cloud-init[963]: +----[SHA256]-----+
[    7.961489] cloud-init[963]: Generating public/private ed25519 key pair.
[    7.961547] cloud-init[963]: Your identification has been saved in /etc/ssh/ssh_host_ed25519_key.
[    7.961825] cloud-init[963]: Your public key has been saved in /etc/ssh/ssh_host_ed25519_key.pub.
[    7.962108] cloud-init[963]: The key fingerprint is:
[    7.962162] cloud-init[963]: SHA256:XFjo3+cvTzDZQjjVCnB+UOwUmqaL0Hr37cj3wqcYvv8 root@ubuntu-xenial
[    7.962395] cloud-init[963]: The key's randomart image is:
[    7.962630] cloud-init[963]: +--[ED25519 256]--+
[    7.962845] cloud-init[963]: |         .o.oo+o |
[    7.963098] cloud-init[963]: |        .o o.*o .|
[    7.963693] cloud-init[963]: |       .. . B+o. |
[    7.964014] cloud-init[963]: |       o.. o +oo |
[    7.964413] cloud-init[963]: |      . S...  = .|
[    7.964484] cloud-init[963]: |       o .... .+ |
[    7.964733] cloud-init[963]: |      . o o .+  .|
[    7.964904] cloud-init[963]: |       . . + =*..|
[    7.964965] cloud-init[963]: |            B==XE|
[    7.965030] cloud-init[963]: +----[SHA256]-----+
         Starting iSCSI initiator daemon (iscsid)...
[[0;32m  OK  [0m] Listening on LXD - unix socket.
[[0;32m  OK  [0m] Listening on Socket activation for snappy daemon.
[[0;32m  OK  [0m] Reached target Sockets.
[[0;32m  OK  [0m] Reached target Basic System.
         Starting LSB: MD monitoring daemon...
         Starting Pollinate to seed the pseudo random number generator...
         Starting LSB: Record successful boot for GRUB...
[[0;32m  OK  [0m] Started FUSE filesystem for LXC.
[[0;32m  OK  [0m] Started Regular background program processing daemon.
         Starting Snappy daemon...
         Starting Accounts Service...
[[0;32m  OK  [0m] Started D-Bus System Message Bus.
         Starting Virtualbox guest utils...
[[0;32m  OK  [0m] Started ACPI event daemon.
         Starting Login Service...
         Starting System Logging Service...
[[0;32m  OK  [0m] Started Deferred execution scheduler.
         Starting LXD - container startup/shutdown...
         Starting /etc/rc.local Compatibility...
[[0;32m  OK  [0m] Started iSCSI initiator daemon (iscsid).
[[0;32m  OK  [0m] Started /etc/rc.local Compatibility.
[[0;32m  OK  [0m] Started System Logging Service.
[[0;32m  OK  [0m] Started LSB: Record successful boot for GRUB.
[[0;32m  OK  [0m] Started LSB: MD monitoring daemon.
         Starting Authenticate and Authorize Users to Run Privileged Tasks...
         Starting Login to default iSCSI targets...
[[0;32m  OK  [0m] Started Login Service.
[[0;32m  OK  [0m] Started Unattended Upgrades Shutdown.
[[0;32m  OK  [0m] Started Authenticate and Authorize Users to Run Privileged Tasks.
[[0;32m  OK  [0m] Started Accounts Service.
[[0;32m  OK  [0m] Started Login to default iSCSI targets.
[[0;32m  OK  [0m] Reached target Remote File Systems (Pre).
[[0;32m  OK  [0m] Reached target Remote File Systems.
         Starting LSB: automatic crash report generation...
         Starting LSB: Set the CPU Frequency Scaling governor to "ondemand"...
         Starting LSB: daemon to balance interrupts for SMP systems...
         Starting Permit User Sessions...
[[0;32m  OK  [0m] Started Virtualbox guest utils.
[[0;32m  OK  [0m] Started Permit User Sessions.
[[0;32m  OK  [0m] Started LXD - container startup/shutdown.
         Starting Terminate Plymouth Boot Screen...
         Starting Hold until boot process finishes up...
[[0;32m  OK  [0m] Started LSB: automatic crash report generation.
[[0;32m  OK  [0m] Started LSB: daemon to balance interrupts for SMP systems.
[[0;32m  OK  [0m] Started Terminate Plymouth Boot Screen.
[[0;32m  OK  [0m] Started Pollinate to seed the pseudo random number generator.
[[0;32m  OK  [0m] Started Hold until boot process finishes up.
[[0;32m  OK  [0m] Started Snappy daemon.
[[0;32m  OK  [0m] Started LSB: Set the CPU Frequency Scaling governor to "ondemand".
         Starting Wait until snapd is fully seeded...
         Starting Set console scheme...
[[0;32m  OK  [0m] Started Serial Getty on ttyS0.
[[0;32m  OK  [0m] Started Getty on tty1.
[[0;32m  OK  [0m] Reached target Login Prompts.
         Starting OpenBSD Secure Shell server...
[[0;32m  OK  [0m] Started Set console scheme.
[[0;32m  OK  [0m] Started OpenBSD Secure Shell server.
[[0;32m  OK  [0m] Started Wait until snapd is fully seeded.
[[0;32m  OK  [0m] Reached target Multi-User System.
[[0;32m  OK  [0m] Reached target Graphical Interface.
         Starting Update UTMP about System Runlevel Changes...
         Starting Apply the settings specified in cloud-config...
[[0;32m  OK  [0m] Started Update UTMP about System Runlevel Changes.
[    9.824772] cloud-init[1315]: Generating locales (this might take a while)...
[   10.413804] cloud-init[1315]:   en_US.UTF-8... done
[   10.414783] cloud-init[1315]: Generation complete.
[   10.633442] cloud-init[1315]: Cloud-init v. 19.2-36-g059d049c-0ubuntu1~16.04.1 running 'modules:config' at Tue, 15 Oct 2019 15:16:10 +0000. Up 9.75 seconds.
[[0;32m  OK  [0m] Started Apply the settings specified in cloud-config.
         Starting Execute cloud user/final scripts...
ci-info: no authorized ssh keys fingerprints found for user ubuntu.
<14>Oct 15 15:16:11 ec2: 
<14>Oct 15 15:16:11 ec2: #############################################################
<14>Oct 15 15:16:11 ec2: -----BEGIN SSH HOST KEY FINGERPRINTS-----
<14>Oct 15 15:16:11 ec2: 1024 SHA256:lipL0+G0z0ZYlZleX3Jb0nyvLO8v1Wx39Jrn1328cno root@ubuntu-xenial (DSA)
<14>Oct 15 15:16:11 ec2: 256 SHA256:3F7d8TsX5M0RJMNlNwivF6zI/KOaprsqLR+o6dd7MbA root@ubuntu-xenial (ECDSA)
<14>Oct 15 15:16:11 ec2: 256 SHA256:XFjo3+cvTzDZQjjVCnB+UOwUmqaL0Hr37cj3wqcYvv8 root@ubuntu-xenial (ED25519)
<14>Oct 15 15:16:11 ec2: 2048 SHA256:eTyX7suSY0A2nFGkhT0EqZgkmaMRdVNDrH3j2ROucJU root@ubuntu-xenial (RSA)
<14>Oct 15 15:16:11 ec2: -----END SSH HOST KEY FINGERPRINTS-----
<14>Oct 15 15:16:11 ec2: #############################################################
-----BEGIN SSH HOST KEY KEYS-----
ecdsa-sha2-nistp256 AAAAE2VjZHNhLXNoYTItbmlzdHAyNTYAAAAIbmlzdHAyNTYAAABBBM9cbWt+UrhBRfdHLMJHMIuVnpvkOgOAJrtEIuX+SdaoDc/gCUOgV7WIcmIjjnQoMKI93tRccOSZQlpS2pAUKyU= root@ubuntu-xenial
ssh-ed25519 AAAAC3NzaC1lZDI1NTE5AAAAINccut3vb0xEvFMxHNOxDAEZ3pPmejwk8sAxKsUhIHCj root@ubuntu-xenial
ssh-rsa AAAAB3NzaC1yc2EAAAADAQABAAABAQC+YcGsnQFA8SOyxys01iI3Rt+tj53oCaPB9N0QVGwhopbcQCeBjVBUltkUPhIV9VqQsGyr/l0H9OZNVNPnwVMoTGVi35zVIpS28PXUGpGpsTqGbpXYpxji79+PQ8lt6eNAwclgguusbLyhuKSnFHf+HHkj4eo13/7A8LxQgb+txeBkkMOhbZ90EAezPX6b5tvU/BmrHTp/UvpOB1wrGQS6pMv13W2OHR3F+MmXXyhtCCHBy2Rh9qjK+jIP6UNTly5Joh+6ZIoxIz7oDl2P5GnEEizK7OzNP9tiMiK3Gc5lZbsw2sbfg2XRLbWZgEsWUBQ+Qb4Jw7/ZxMtp+qi53usv root@ubuntu-xenial
-----END SSH HOST KEY KEYS-----
[   11.002815] cloud-init[1354]: Cloud-init v. 19.2-36-g059d049c-0ubuntu1~16.04.1 running 'modules:final' at Tue, 15 Oct 2019 15:16:11 +0000. Up 10.90 seconds.
[   11.004058] cloud-init[1354]: ci-info: no authorized ssh keys fingerprints found for user ubuntu.
[   11.012570] cloud-init[1354]: Cloud-init v. 19.2-36-g059d049c-0ubuntu1~16.04.1 finished at Tue, 15 Oct 2019 15:16:11 +0000. Datasource DataSourceNoCloud [seed=/dev/sdb][dsmode=net].  Up 10.99 seconds
[[0;32m  OK  [0m] Started Execute cloud user/final scripts.
[[0;32m  OK  [0m] Reached target Cloud-init target.

Ubuntu 16.04.6 LTS ubuntu-xenial ttyS0

ubuntu-xenial login:          Stopping Session 5 of user vagrant.
         Stopping User Manager for UID 1000...
         Stopping Authenticate and Authorize Users to Run Privileged Tasks...
         Stopping ACPI event daemon...
[[0;32m  OK  [0m] Closed Load/Save RF Kill Switch Status /dev/rfkill Watch.
[[0;32m  OK  [0m] Stopped target Cloud-init target.
[[0;32m  OK  [0m] Stopped Execute cloud user/final scripts.
[[0;32m  OK  [0m] Stopped Apply the settings specified in cloud-config.
[[0;32m  OK  [0m] Stopped target Cloud-config availability.
[[0;32m  OK  [0m] Stopped target Graphical Interface.
[[0;32m  OK  [0m] Stopped target Multi-User System.
         Stopping D-Bus System Message Bus...
[[0;32m  OK  [0m] Stopped Wait until snapd is fully seeded.
         Stopping OpenBSD Secure Shell server...
         Stopping High-performance, schema-free document-oriented database...
         Stopping FUSE filesystem for LXC...
[[0;32m  OK  [0m] Stopped target Login Prompts.
         Stopping Getty on tty1...
         Stopping Serial Getty on ttyS0...
         Stopping System Logging Service...
         Stopping Deferred execution scheduler...
         Stopping Virtualbox guest utils...
         Stopping Unattended Upgrades Shutdown...
         Stopping LXD - container startup/shutdown...
         Stopping LSB: daemon to balance interrupts for SMP systems...
         Stopping LSB: Set the CPU Frequency Scaling governor to "ondemand"...
         Stopping LSB: automatic crash report generation...
         Stopping LSB: Record successful boot for GRUB...
         Stopping LSB: MD monitoring daemon...
         Stopping Regular background program processing daemon...
         Stopping Accounts Service...
[[0;32m  OK  [0m] Stopped target Timers.
[[0;32m  OK  [0m] Stopped Daily apt upgrade and clean activities.
[[0;32m  OK  [0m] Stopped Message of the Day.
[[0;32m  OK  [0m] Stopped Daily apt download activities.
[[0;32m  OK  [0m] Stopped target System Time Synchronized.
[[0;32m  OK  [0m] Stopped Daily Cleanup of Temporary Directories.
[[0;32m  OK  [0m] Unmounted /var/lib/lxcfs.
[[0;32m  OK  [0m] Stopped Regular background program processing daemon.
[[0;32m  OK  [0m] Stopped Accounts Service.
[[0;32m  OK  [0m] Stopped ACPI event daemon.
[[0;32m  OK  [0m] Stopped System Logging Service.
[[0;32m  OK  [0m] Stopped Deferred execution scheduler.
[[0;32m  OK  [0m] Stopped Authenticate and Authorize Users to Run Privileged Tasks.
[[0;32m  OK  [0m] Stopped Unattended Upgrades Shutdown.
[[0;32m  OK  [0m] Stopped Serial Getty on ttyS0.
[[0;32m  OK  [0m] Stopped Getty on tty1.
[[0;32m  OK  [0m] Stopped OpenBSD Secure Shell server.
[[0;32m  OK  [0m] Stopped High-performance, schema-free document-oriented database.
[[0;32m  OK  [0m] Stopped User Manager for UID 1000.
[[0;32m  OK  [0m] Stopped Session 5 of user vagrant.
[[0;32m  OK  [0m] Stopped D-Bus System Message Bus.
[[0;32m  OK  [0m] Stopped FUSE filesystem for LXC.
[[0;32m  OK  [0m] Stopped LXD - container startup/shutdown.
[[0;32m  OK  [0m] Stopped Virtualbox guest utils.
[[0;32m  OK  [0m] Stopped LSB: Set the CPU Frequency Scaling governor to "ondemand".
[[0;32m  OK  [0m] Stopped LSB: daemon to balance interrupts for SMP systems.
[[0;32m  OK  [0m] Stopped LSB: automatic crash report generation.
[[0;32m  OK  [0m] Stopped LSB: Record successful boot for GRUB.
[[0;32m  OK  [0m] Stopped LSB: MD monitoring daemon.
[[0;32m  OK  [0m] Removed slice User Slice of vagrant.
[[0;32m  OK  [0m] Removed slice system-getty.slice.
[[0;32m  OK  [0m] Removed slice system-serial\x2dgetty.slice.
[[0;32m  OK  [0m] Stopped /etc/rc.local Compatibility.
         Stopping Permit User Sessions...
         Stopping Login Service...
[[0;32m  OK  [0m] Stopped Permit User Sessions.
[[0;32m  OK  [0m] Stopped target Remote File Systems.
[[0;32m  OK  [0m] Stopped target Remote File Systems (Pre).
         Stopping Login to default iSCSI targets...
[[0;32m  OK  [0m] Stopped Login to default iSCSI targets.
         Stopping iSCSI initiator daemon (iscsid)...
[[0;32m  OK  [0m] Stopped iSCSI initiator daemon (iscsid).
[[0;32m  OK  [0m] Stopped Login Service.
[[0;32m  OK  [0m] Stopped target User and Group Name Lookups.
[[0;32m  OK  [0m] Stopped target Basic System.
[[0;32m  OK  [0m] Stopped target Slices.
[[0;32m  OK  [0m] Removed slice User and Session Slice.
[[0;32m  OK  [0m] Stopped target Sockets.
[[0;32m  OK  [0m] Closed D-Bus System Message Bus Socket.
[[0;32m  OK  [0m] Closed Socket activation for snappy daemon.
[[0;32m  OK  [0m] Closed Syslog Socket.
[[0;32m  OK  [0m] Closed ACPID Listen Socket.
[[0;32m  OK  [0m] Closed LXD - unix socket.
[[0;32m  OK  [0m] Closed UUID daemon activation socket.
[[0;32m  OK  [0m] Stopped target Paths.
[[0;32m  OK  [0m] Stopped ACPI Events Check.
[[0;32m  OK  [0m] Stopped target System Initialization.
[[0;32m  OK  [0m] Stopped target Encrypted Volumes.
[[0;32m  OK  [0m] Stopped target Swap.
[[0;32m  OK  [0m] Stopped Commit a transient machine-id on disk.
         Stopping Load/Save Random Seed...
[[0;32m  OK  [0m] Stopped Create Volatile Files and Directories.
[[0;32m  OK  [0m] Stopped Forward Password Requests to Wall Directory Watch.
[[0;32m  OK  [0m] Stopped Dispatch Password Requests to Console Directory Watch.
[[0;32m  OK  [0m] Stopped target Network is Online.
[[0;32m  OK  [0m] Stopped target Network.
[[0;32m  OK  [0m] Stopped Initial cloud-init job (metadata service crawler).
         Stopping Raise network interfaces...
[[0;32m  OK  [0m] Stopped Load/Save Random Seed.
[[0;32m  OK  [0m] Stopped Raise network interfaces.
[[0;32m  OK  [0m] Stopped target Network (Pre).
[[0;32m  OK  [0m] Stopped Initial cloud-init job (pre-networking).
[[0;32m  OK  [0m] Stopped Apply Kernel Variables.
[[0;32m  OK  [0m] Stopped target Local File Systems.
         Unmounting /home/ubuntu/environment...
         Unmounting /vagrant...
         Unmounting /run/user/1000...
[[0;32m  OK  [0m] Stopped Load Kernel Modules.
[[0;32m  OK  [0m] Unmounted /run/user/1000.
[[0;32m  OK  [0m] Unmounted /home/ubuntu/environment.
[[0;32m  OK  [0m] Unmounted /vagrant.
[[0;32m  OK  [0m] Reached target Unmount All Filesystems.
[[0;32m  OK  [0m] Stopped target Local File Systems (Pre).
[[0;32m  OK  [0m] Stopped Remount Root and Kernel File Systems.
         Stopping Monitoring of LVM2 mirrors... dmeventd or progress polling...
[[0;32m  OK  [0m] Stopped Create Static Device Nodes in /dev.
[[0;32m  OK  [0m] Reached target Shutdown.
[  523.750890] reboot: Power down
pping Monitoring of LVM2 mirrors... dmeventd or progress polling...
[[0;32m  OK  [0m] Stopped Create Static Device Nodes in /dev.
[[0;32m  OK  [0m] Reached target Shutdown.
[  596.799439] reboot: Power down
